<?xml version="1.0" encoding="UTF-8"?>
<!-- Generated by org.testng.reporters.JUnitXMLReporter -->
<testsuite ignored="0" hostname="DESKTOP-MBJVQGU" failures="4" tests="7" name="BankingApp Test" time="408.872" errors="0" timestamp="2022-08-02T16:29:43 IST">
  <testcase classname="com.inetBanking.testCase.TC_LoginPage_001" name="loginTest" time="25.798">
    <failure type="java.lang.AssertionError" message="expected [Guru99 Bank Manager HomePage123] but found [Guru99 Bank Manager HomePage]">
      <![CDATA[java.lang.AssertionError: expected [Guru99 Bank Manager HomePage123] but found [Guru99 Bank Manager HomePage]
at com.inetBanking.testCase.TC_LoginPage_001.loginTest(TC_LoginPage_001.java:25)
at java.base/java.util.ArrayList.forEach(ArrayList.java:1511)
... Removed 33 stack frames]]>
    </failure>
  </testcase> <!-- loginTest -->
  <testcase classname="com.inetBanking.testCase.TC_LoginPageDDT_002" name="loginDDT" time="21.312"/>
  <testcase classname="com.inetBanking.testCase.TC_LoginPageDDT_002" name="loginDDT" time="12.134">
    <failure type="java.lang.AssertionError" message="expected [true] but found [false]">
      <![CDATA[java.lang.AssertionError: expected [true] but found [false]
at com.inetBanking.testCase.TC_LoginPageDDT_002.loginDDT(TC_LoginPageDDT_002.java:30)
at java.base/java.util.ArrayList.forEach(ArrayList.java:1511)
... Removed 31 stack frames]]>
    </failure>
  </testcase> <!-- loginDDT -->
  <testcase classname="com.inetBanking.testCase.TC_LoginPageDDT_002" name="loginDDT" time="3.588">
    <failure type="java.lang.AssertionError" message="expected [true] but found [false]">
      <![CDATA[java.lang.AssertionError: expected [true] but found [false]
at com.inetBanking.testCase.TC_LoginPageDDT_002.loginDDT(TC_LoginPageDDT_002.java:30)
at java.base/java.util.ArrayList.forEach(ArrayList.java:1511)
... Removed 31 stack frames]]>
    </failure>
  </testcase> <!-- loginDDT -->
  <testcase classname="com.inetBanking.testCase.TC_LoginPageDDT_002" name="loginDDT" time="9.881"/>
  <testcase classname="com.inetBanking.testCase.TC_LoginPageDDT_002" name="loginDDT" time="8.756">
    <failure type="java.lang.AssertionError" message="expected [true] but found [false]">
      <![CDATA[java.lang.AssertionError: expected [true] but found [false]
at com.inetBanking.testCase.TC_LoginPageDDT_002.loginDDT(TC_LoginPageDDT_002.java:30)
at java.base/java.util.ArrayList.forEach(ArrayList.java:1511)
... Removed 31 stack frames]]>
    </failure>
  </testcase> <!-- loginDDT -->
  <testcase classname="com.inetBanking.testCase.TC_AddCustomer_003" name="addNewCust" time="29.747"/>
</testsuite> <!-- BankingApp Test -->
